<?xml version="1.0" encoding="UTF-8"?>
<!-- Generated by org.testng.reporters.JUnitXMLReporter -->
<testsuite hostname="LAPTOP-5UPICUBG" ignored="0" name="Test" tests="2" failures="1" timestamp="08 May 2020 05:18:44 GMT" time="38.284" errors="0">
  <testcase name="Login_Successfuly" time="0.011" classname="crmtestcases.Crm_login_page_test">
    <failure type="java.lang.NullPointerException">
      <![CDATA[java.lang.NullPointerException
	at crmpages.Crm_login_page.loginpage(Crm_login_page.java:44)
	at crmtestcases.Crm_login_page_test.Login_Successfuly(Crm_login_page_test.java:31)
... Removed 29 stack frames]]>
    </failure>
  </testcase> <!-- Login_Successfuly -->
  <testcase name="logout" time="17.364" classname="crmtestcases.CrmLog_out"/>
</testsuite> <!-- Test -->
