-------------------------------------------------------------------------------
Test set: TestSuite
-------------------------------------------------------------------------------
Tests run: 2, Failures: 1, Errors: 0, Skipped: 0, Time elapsed: 41.037 s <<< FAILURE! - in TestSuite
crmtestcases.Crm_login_page_test.Login_Successfuly  Time elapsed: 0.037 s  <<< FAILURE!
java.lang.NullPointerException
	at crmtestcases.Crm_login_page_test.Login_Successfuly(Crm_login_page_test.java:31)

