<?xml version="1.0" encoding="UTF-8"?>
<testng-results skipped="0" failed="0" ignored="0" total="1" passed="1">
  <reporter-output>
  </reporter-output>
  <suite name="Default suite" duration-ms="30829" started-at="2020-05-08T05:24:32Z" finished-at="2020-05-08T05:25:03Z">
    <groups>
    </groups>
    <test name="Default test" duration-ms="30829" started-at="2020-05-08T05:24:32Z" finished-at="2020-05-08T05:25:03Z">
      <class name="crmtestcases.Crm_login_page_test">
        <test-method status="PASS" signature="Browsersetup()[pri:0, instance:crmtestcases.Crm_login_page_test@5ef60048]" name="Browsersetup" is-config="true" duration-ms="20153" started-at="2020-05-08T10:54:32Z" finished-at="2020-05-08T10:54:53Z">
          <reporter-output>
          </reporter-output>
        </test-method> <!-- Browsersetup -->
        <test-method status="PASS" signature="Login_Successfuly()[pri:0, instance:crmtestcases.Crm_login_page_test@5ef60048]" name="Login_Successfuly" duration-ms="9614" started-at="2020-05-08T10:54:53Z" finished-at="2020-05-08T10:55:02Z">
          <reporter-output>
          </reporter-output>
        </test-method> <!-- Login_Successfuly -->
        <test-method status="PASS" signature="closed()[pri:0, instance:crmtestcases.Crm_login_page_test@5ef60048]" name="closed" is-config="true" duration-ms="1022" started-at="2020-05-08T10:55:02Z" finished-at="2020-05-08T10:55:03Z">
          <reporter-output>
          </reporter-output>
        </test-method> <!-- closed -->
      </class> <!-- crmtestcases.Crm_login_page_test -->
    </test> <!-- Default test -->
  </suite> <!-- Default suite -->
</testng-results>
